#
# A fatal error has been detected by the Java Runtime Environment:
#
#  SIGSEGV (0xb) at pc=0x0000000108aa1020, pid=2266, tid=5891
#
# JRE version: Java(TM) SE Runtime Environment (7.0_79-b15) (build 1.7.0_79-b15)
# Java VM: Java HotSpot(TM) 64-Bit Server VM (24.79-b02 mixed mode bsd-amd64 compressed oops)
# Problematic frame:
# v  ~BufferBlob::vtable chunks
#
# Failed to write core dump. Core dumps have been disabled. To enable core dumping, try "ulimit -c unlimited" before starting Java again
#
# If you would like to submit a bug report, please visit:
#   http://bugreport.java.com/bugreport/crash.jsp
#

---------------  T H R E A D  ---------------

Current thread (0x00007f827a802800):  JavaThread "main" [_thread_in_Java, id=5891, stack(0x000070000011a000,0x000070000021a000)]

siginfo:si_signo=SIGSEGV: si_errno=0, si_code=1 (SEGV_MAPERR), si_addr=0x00000007aadaef88

Registers:
RAX=0x00000007bb0ffff8, RBX=0x0000000000000000, RCX=0x00000007ed071470, RDX=0x00000007eadaef80
RSP=0x0000700000218bd8, RBP=0x00000007ed071458, RSI=0x00000007aadaef80, RDI=0x00000000d7931932
R8 =0x0000000000000001, R9 =0x00000000fd5b5df0, R10=0x0000000000000001, R11=0x00000000f55b5df0
R12=0x0000000000000000, R13=0x0000000000000000, R14=0x0000000000000000, R15=0x00007f827a802800
RIP=0x0000000108aa1020, EFLAGS=0x0000000000010202, ERR=0x0000000000000004
  TRAPNO=0x000000000000000e

Top of Stack: (sp=0x0000700000218bd8)
0x0000700000218bd8:   0000000108ae7df0 d793193200000000
0x0000700000218be8:   00000007ed071470 0000700000218c20
0x0000700000218bf8:   0000000000000007 0000000000000001
0x0000700000218c08:   00000007ed19f238 00000007ed19ea90
0x0000700000218c18:   0000000108af0608 00000007ed168fe8
0x0000700000218c28:   00000007ed169038 00000007ed19ea90
0x0000700000218c38:   fda0dc0ef7646e25 00000007ed16e880
0x0000700000218c48:   00000007ed16e950 0000000100218cb0
0x0000700000218c58:   00000003bb2405f0 00000019fda2dd10
0x0000700000218c68:   0000005e00000018 00000000fda2d207
0x0000700000218c78:   00000007ed19c128 0000700000218cf8
0x0000700000218c88:   0000000108a3f058 0000700000218cf8
0x0000700000218c98:   0000000108a3f058 0000000108a3f058
0x0000700000218ca8:   00000007ed19ea90 00000007ed168fe8
0x0000700000218cb8:   0000700000218cb8 00000007bb22e7fc
0x0000700000218cc8:   0000700000218d28 00000007bb237388
0x0000700000218cd8:   0000000000000000 00000007bb22e850
0x0000700000218ce8:   0000700000218ca8 0000700000218d28
0x0000700000218cf8:   0000700000218d70 0000000108a3f058
0x0000700000218d08:   000000000000000b 000000000000000b
0x0000700000218d18:   00000007ed19ea90 0000000000000002
0x0000700000218d28:   00000007ed193c08 0000700000218d30
0x0000700000218d38:   00000007bb22e3b4 0000700000218d98
0x0000700000218d48:   00000007bb237388 0000000000000000
0x0000700000218d58:   00000007bb22e428 0000700000218d28
0x0000700000218d68:   0000700000218d98 0000700000218de0
0x0000700000218d78:   0000000108a3f233 0000000000000000
0x0000700000218d88:   00000007ed19ae00 00000007ed19ad88
0x0000700000218d98:   00000007ed193c08 0000700000218da0
0x0000700000218da8:   00000007bb22e171 0000700000218df8
0x0000700000218db8:   00000007bb237388 0000000000000000
0x0000700000218dc8:   00000007bb22e198 0000700000218d98 

Instructions: (pc=0x0000000108aa1020)
0x0000000108aa1000:   00 00 00 00 00 00 00 00 00 00 00 00 00 00 00 00
0x0000000108aa1010:   00 00 00 00 00 00 00 00 01 00 0e 00 00 00 01 00
0x0000000108aa1020:   8b 46 08 48 c1 e0 03 48 8b 98 00 02 00 00 ff 63
0x0000000108aa1030:   68 00 00 00 00 00 00 00 00 00 00 00 00 00 00 00 

Register to memory mapping:

RAX=0x00000007bb0ffff8 is an oop
{method} 
 - klass: {other class}
RBX=0x0000000000000000 is an unknown value
RCX=0x00000007ed071470 is an oop
java.util.HashMap$Entry 
 - klass: 'java/util/HashMap$Entry'
RDX=0x00000007eadaef80 is an oop
com.android.dx.rop.type.Type 
 - klass: 'com/android/dx/rop/type/Type'
RSP=0x0000700000218bd8 is pointing into the stack for thread: 0x00007f827a802800
RBP=0x00000007ed071458 is an oop
com.android.dx.rop.code.RegisterSpec 
 - klass: 'com/android/dx/rop/code/RegisterSpec'
RSI=0x00000007aadaef80 is an unknown value
RDI=0x00000000d7931932 is an unknown value
R8 =0x0000000000000001 is an unknown value
R9 =0x00000000fd5b5df0 is an unknown value
R10=0x0000000000000001 is an unknown value
R11=0x00000000f55b5df0 is an unknown value
R12=0x0000000000000000 is an unknown value
R13=0x0000000000000000 is an unknown value
R14=0x0000000000000000 is an unknown value
R15=0x00007f827a802800 is a thread


Stack: [0x000070000011a000,0x000070000021a000],  sp=0x0000700000218bd8,  free space=1018k
Native frames: (J=compiled Java code, j=interpreted, Vv=VM code, C=native code)
v  ~BufferBlob::vtable chunks


---------------  P R O C E S S  ---------------

Java Threads: ( => current thread )
  0x00007f827b015000 JavaThread "Service Thread" daemon [_thread_blocked, id=18179, stack(0x0000700000d41000,0x0000700000e41000)]
  0x00007f827a004000 JavaThread "C2 CompilerThread1" daemon [_thread_in_native, id=17667, stack(0x0000700000c3e000,0x0000700000d3e000)]
  0x00007f827b014800 JavaThread "C2 CompilerThread0" daemon [_thread_in_native, id=17155, stack(0x0000700000b3b000,0x0000700000c3b000)]
  0x00007f827b001000 JavaThread "Signal Dispatcher" daemon [_thread_blocked, id=12815, stack(0x0000700000a38000,0x0000700000b38000)]
  0x00007f827b816000 JavaThread "Finalizer" daemon [_thread_blocked, id=12291, stack(0x000070000082f000,0x000070000092f000)]
  0x00007f827b815000 JavaThread "Reference Handler" daemon [_thread_blocked, id=11779, stack(0x000070000072c000,0x000070000082c000)]
=>0x00007f827a802800 JavaThread "main" [_thread_in_Java, id=5891, stack(0x000070000011a000,0x000070000021a000)]

Other Threads:
  0x00007f827b812800 VMThread [stack: 0x0000700000629000,0x0000700000729000] [id=11267]
  0x00007f827b010000 WatcherThread [stack: 0x0000700000e44000,0x0000700000f44000] [id=18691]

VM state:not at safepoint (normal execution)

VM Mutex/Monitor currently owned by a thread: None

Heap
 PSYoungGen      total 57344K, used 40674K [0x00000007eaa80000, 0x00000007eea80000, 0x0000000800000000)
  eden space 49152K, 82% used [0x00000007eaa80000,0x00000007ed238828,0x00000007eda80000)
  from space 8192K, 0% used [0x00000007ee280000,0x00000007ee280000,0x00000007eea80000)
  to   space 8192K, 0% used [0x00000007eda80000,0x00000007eda80000,0x00000007ee280000)
 ParOldGen       total 131072K, used 0K [0x00000007c0000000, 0x00000007c8000000, 0x00000007eaa80000)
  object space 131072K, 0% used [0x00000007c0000000,0x00000007c0000000,0x00000007c8000000)
 PSPermGen       total 21504K, used 5098K [0x00000007bae00000, 0x00000007bc300000, 0x00000007c0000000)
  object space 21504K, 23% used [0x00000007bae00000,0x00000007bb2faa08,0x00000007bc300000)

Card table byte_map: [0x000000010baf9000,0x000000010bd23000] byte_map_base: 0x0000000107d22000

Polling page: 0x00000001081f4000

Code Cache  [0x0000000108a39000, 0x0000000108ca9000, 0x000000010ba39000)
 total_blobs=471 nmethods=263 adapters=162 free_code_cache=48158Kb largest_free_block=49278528

Compilation events (10 events):
Event: 1.498 Thread 0x00007f827b014800 nmethod 260 0x0000000108b2c210 code [0x0000000108b2c380, 0x0000000108b2c588]
Event: 1.498 Thread 0x00007f827b014800  261             com.android.dx.dex.code.ZeroSizeInsn::<init> (12 bytes)
Event: 1.499 Thread 0x00007f827b014800 nmethod 261 0x0000000108b2bf50 code [0x0000000108b2c0a0, 0x0000000108b2c158]
Event: 1.499 Thread 0x00007f827b014800  262             com.android.dx.dex.code.OutputCollector::add (9 bytes)
Event: 1.506 Thread 0x00007f827b014800 nmethod 262 0x0000000108b2b310 code [0x0000000108b2b4c0, 0x0000000108b2b920]
Event: 1.506 Thread 0x00007f827b014800  263             com.android.dx.ssa.SsaConverter::edgeSplitSuccessors (98 bytes)
Event: 1.525 Thread 0x00007f827a004000 nmethod 253 0x0000000108b353d0 code [0x0000000108b35700, 0x0000000108b37440]
Event: 1.525 Thread 0x00007f827a004000  264             com.android.dx.ssa.SsaMethod::forEachBlockDepthFirstDom (128 bytes)
Event: 1.527 Thread 0x00007f827b014800 nmethod 263 0x0000000108b31710 code [0x0000000108b31920, 0x0000000108b32498]
Event: 1.527 Thread 0x00007f827b014800  265             com.android.dx.ssa.back.SsaToRop::removePhiFunctions (83 bytes)

GC Heap History (0 events):
No events

Deoptimization events (10 events):
Event: 0.647 Thread 0x00007f827a802800 Uncommon trap: reason=predicate action=maybe_recompile pc=0x0000000108ab4180 method=java.util.ArrayList.remove(Ljava/lang/Object;)Z @ 49
Event: 0.675 Thread 0x00007f827a802800 Uncommon trap: reason=null_check action=make_not_entrant pc=0x0000000108ab9660 method=com.android.dx.rop.code.LocalItem.equals(Ljava/lang/Object;)Z @ 1
Event: 0.960 Thread 0x00007f827a802800 Uncommon trap: reason=class_check action=maybe_recompile pc=0x0000000108accc7c method=java.util.HashMap.put(Ljava/lang/Object;Ljava/lang/Object;)Ljava/lang/Object; @ 83
Event: 1.355 Thread 0x00007f827a802800 Uncommon trap: reason=class_check action=maybe_recompile pc=0x0000000108accc7c method=java.util.HashMap.put(Ljava/lang/Object;Ljava/lang/Object;)Ljava/lang/Object; @ 83
Event: 1.355 Thread 0x00007f827a802800 Uncommon trap: reason=class_check action=maybe_recompile pc=0x0000000108accc7c method=java.util.HashMap.put(Ljava/lang/Object;Ljava/lang/Object;)Ljava/lang/Object; @ 83
Event: 1.480 Thread 0x00007f827a802800 Uncommon trap: reason=class_check action=maybe_recompile pc=0x0000000108b1f274 method=com.android.dx.cf.code.Merger.mergeType(Lcom/android/dx/rop/type/TypeBearer;Lcom/android/dx/rop/type/TypeBearer;)Lcom/android/dx/rop/type/TypeBearer; @ 28
Event: 1.504 Thread 0x00007f827a802800 Uncommon trap: reason=class_check action=maybe_recompile pc=0x0000000108b1f274 method=com.android.dx.cf.code.Merger.mergeType(Lcom/android/dx/rop/type/TypeBearer;Lcom/android/dx/rop/type/TypeBearer;)Lcom/android/dx/rop/type/TypeBearer; @ 28
Event: 1.517 Thread 0x00007f827a802800 Uncommon trap: reason=class_check action=maybe_recompile pc=0x0000000108b1f274 method=com.android.dx.cf.code.Merger.mergeType(Lcom/android/dx/rop/type/TypeBearer;Lcom/android/dx/rop/type/TypeBearer;)Lcom/android/dx/rop/type/TypeBearer; @ 28
Event: 1.532 Thread 0x00007f827a802800 Uncommon trap: reason=class_check action=maybe_recompile pc=0x0000000108b1f274 method=com.android.dx.cf.code.Merger.mergeType(Lcom/android/dx/rop/type/TypeBearer;Lcom/android/dx/rop/type/TypeBearer;)Lcom/android/dx/rop/type/TypeBearer; @ 28
Event: 1.543 Thread 0x00007f827a802800 Uncommon trap: reason=class_check action=maybe_recompile pc=0x0000000108b13338 method=com.android.dx.cf.code.Merger.mergeType(Lcom/android/dx/rop/type/TypeBearer;Lcom/android/dx/rop/type/TypeBearer;)Lcom/android/dx/rop/type/TypeBearer; @ 28

Internal exceptions (10 events):
Event: 0.460 Thread 0x00007f827a802800 Threw 0x00000007eb5934b0 at /HUDSON/workspace/7u-2-build-macosx-x86_64/jdk7u79/2331/hotspot/src/share/vm/prims/jvm.cpp:1304
Event: 0.473 Thread 0x00007f827a802800 Threw 0x00000007eb5c42a8 at /HUDSON/workspace/7u-2-build-macosx-x86_64/jdk7u79/2331/hotspot/src/share/vm/prims/jvm.cpp:1304
Event: 0.496 Thread 0x00007f827a802800 Threw 0x00000007eb620d78 at /HUDSON/workspace/7u-2-build-macosx-x86_64/jdk7u79/2331/hotspot/src/share/vm/prims/jvm.cpp:1304
Event: 0.497 Thread 0x00007f827a802800 Threw 0x00000007eb626e20 at /HUDSON/workspace/7u-2-build-macosx-x86_64/jdk7u79/2331/hotspot/src/share/vm/prims/jvm.cpp:1304
Event: 0.527 Thread 0x00007f827a802800 Threw 0x00000007eb69f988 at /HUDSON/workspace/7u-2-build-macosx-x86_64/jdk7u79/2331/hotspot/src/share/vm/prims/jvm.cpp:1304
Event: 0.528 Thread 0x00007f827a802800 Threw 0x00000007eb6a53e0 at /HUDSON/workspace/7u-2-build-macosx-x86_64/jdk7u79/2331/hotspot/src/share/vm/prims/jvm.cpp:1304
Event: 0.534 Thread 0x00007f827a802800 Threw 0x00000007eb6bacb8 at /HUDSON/workspace/7u-2-build-macosx-x86_64/jdk7u79/2331/hotspot/src/share/vm/prims/jvm.cpp:1304
Event: 0.622 Thread 0x00007f827a802800 Threw 0x00000007eb7e1bb8 at /HUDSON/workspace/7u-2-build-macosx-x86_64/jdk7u79/2331/hotspot/src/share/vm/prims/jvm.cpp:1304
Event: 0.675 Thread 0x00007f827a802800 Implicit null exception at 0x0000000108ab92a6 to 0x0000000108ab9649
Event: 1.427 Thread 0x00007f827a802800 Threw 0x00000007ecce5b90 at /HUDSON/workspace/7u-2-build-macosx-x86_64/jdk7u79/2331/hotspot/src/share/vm/prims/jvm.cpp:1304

Events (10 events):
Event: 1.504 Thread 0x00007f827a802800 DEOPT UNPACKING pc=0x0000000108a72045 sp=0x0000700000218a10 mode 2
Event: 1.517 Thread 0x00007f827a802800 Uncommon trap: trap_request=0xffffffde fr.pc=0x0000000108b1f274
Event: 1.517 Thread 0x00007f827a802800 DEOPT PACKING pc=0x0000000108b1f274 sp=0x0000700000218aa0
Event: 1.517 Thread 0x00007f827a802800 DEOPT UNPACKING pc=0x0000000108a72045 sp=0x0000700000218a10 mode 2
Event: 1.532 Thread 0x00007f827a802800 Uncommon trap: trap_request=0xffffffde fr.pc=0x0000000108b1f274
Event: 1.532 Thread 0x00007f827a802800 DEOPT PACKING pc=0x0000000108b1f274 sp=0x0000700000218aa0
Event: 1.532 Thread 0x00007f827a802800 DEOPT UNPACKING pc=0x0000000108a72045 sp=0x0000700000218a10 mode 2
Event: 1.543 Thread 0x00007f827a802800 Uncommon trap: trap_request=0xffffffde fr.pc=0x0000000108b13338
Event: 1.543 Thread 0x00007f827a802800 DEOPT PACKING pc=0x0000000108b13338 sp=0x0000700000218a50
Event: 1.543 Thread 0x00007f827a802800 DEOPT UNPACKING pc=0x0000000108a72045 sp=0x0000700000218a10 mode 2


Dynamic libraries:
0x0000000002458000 	/System/Library/Frameworks/Cocoa.framework/Versions/A/Cocoa
0x0000000002458000 	/System/Library/Frameworks/Security.framework/Versions/A/Security
0x0000000002458000 	/System/Library/Frameworks/ApplicationServices.framework/Versions/A/ApplicationServices
0x0000000002458000 	/usr/lib/libz.1.dylib
0x0000000002458000 	/usr/lib/libSystem.B.dylib
0x0000000002458000 	/usr/lib/libobjc.A.dylib
0x0000000002458000 	/System/Library/Frameworks/CoreFoundation.framework/Versions/A/CoreFoundation
0x0000000002458000 	/System/Library/Frameworks/Foundation.framework/Versions/C/Foundation
0x0000000002458000 	/System/Library/Frameworks/AppKit.framework/Versions/C/AppKit
0x0000000002458000 	/System/Library/Frameworks/CoreData.framework/Versions/A/CoreData
0x0000000002458000 	/System/Library/PrivateFrameworks/RemoteViewServices.framework/Versions/A/RemoteViewServices
0x0000000002458000 	/System/Library/PrivateFrameworks/UIFoundation.framework/Versions/A/UIFoundation
0x0000000002458000 	/usr/lib/libScreenReader.dylib
0x0000000002458000 	/System/Library/Frameworks/Accelerate.framework/Versions/A/Accelerate
0x0000000002458000 	/System/Library/Frameworks/IOSurface.framework/Versions/A/IOSurface
0x0000000002458000 	/System/Library/Frameworks/AudioToolbox.framework/Versions/A/AudioToolbox
0x0000000002458000 	/System/Library/Frameworks/AudioUnit.framework/Versions/A/AudioUnit
0x0000000002458000 	/System/Library/PrivateFrameworks/DataDetectorsCore.framework/Versions/A/DataDetectorsCore
0x0000000002458000 	/System/Library/PrivateFrameworks/DesktopServicesPriv.framework/Versions/A/DesktopServicesPriv
0x0000000002458000 	/System/Library/Frameworks/Carbon.framework/Versions/A/Frameworks/HIToolbox.framework/Versions/A/HIToolbox
0x0000000002458000 	/System/Library/Frameworks/QuartzCore.framework/Versions/A/QuartzCore
0x0000000002458000 	/System/Library/Frameworks/Carbon.framework/Versions/A/Frameworks/SpeechRecognition.framework/Versions/A/SpeechRecognition
0x0000000002458000 	/usr/lib/libauto.dylib
0x0000000002458000 	/usr/lib/libicucore.A.dylib
0x0000000002458000 	/usr/lib/libxml2.2.dylib
0x0000000002458000 	/System/Library/PrivateFrameworks/CoreUI.framework/Versions/A/CoreUI
0x0000000002458000 	/System/Library/Frameworks/CoreAudio.framework/Versions/A/CoreAudio
0x0000000002458000 	/System/Library/Frameworks/DiskArbitration.framework/Versions/A/DiskArbitration
0x0000000002458000 	/usr/lib/liblangid.dylib
0x0000000002458000 	/System/Library/PrivateFrameworks/MultitouchSupport.framework/Versions/A/MultitouchSupport
0x0000000002458000 	/System/Library/Frameworks/IOKit.framework/Versions/A/IOKit
0x0000000002458000 	/usr/lib/libDiagnosticMessagesClient.dylib
0x0000000002458000 	/System/Library/Frameworks/CoreServices.framework/Versions/A/CoreServices
0x0000000002458000 	/System/Library/PrivateFrameworks/PerformanceAnalysis.framework/Versions/A/PerformanceAnalysis
0x0000000002458000 	/System/Library/PrivateFrameworks/GenerationalStorage.framework/Versions/A/GenerationalStorage
0x0000000002458000 	/System/Library/Frameworks/OpenGL.framework/Versions/A/OpenGL
0x0000000002458000 	/System/Library/PrivateFrameworks/Sharing.framework/Versions/A/Sharing
0x0000000002458000 	/System/Library/Frameworks/CoreGraphics.framework/Versions/A/CoreGraphics
0x0000000002458000 	/System/Library/Frameworks/CoreImage.framework/Versions/A/CoreImage
0x0000000002458000 	/System/Library/Frameworks/CoreText.framework/Versions/A/CoreText
0x0000000002458000 	/System/Library/Frameworks/ImageIO.framework/Versions/A/ImageIO
0x0000000002458000 	/System/Library/PrivateFrameworks/Backup.framework/Versions/A/Backup
0x0000000002458000 	/usr/lib/libextension.dylib
0x0000000002458000 	/usr/lib/libarchive.2.dylib
0x0000000002458000 	/System/Library/Frameworks/CFNetwork.framework/Versions/A/CFNetwork
0x0000000002458000 	/System/Library/Frameworks/SystemConfiguration.framework/Versions/A/SystemConfiguration
0x0000000002458000 	/usr/lib/libCRFSuite.dylib
0x0000000002458000 	/usr/lib/libc++.1.dylib
0x0000000002458000 	/usr/lib/libc++abi.dylib
0x0000000002458000 	/usr/lib/system/libcache.dylib
0x0000000002458000 	/usr/lib/system/libcommonCrypto.dylib
0x0000000002458000 	/usr/lib/system/libcompiler_rt.dylib
0x0000000002458000 	/usr/lib/system/libcopyfile.dylib
0x0000000002458000 	/usr/lib/system/libcorecrypto.dylib
0x0000000002458000 	/usr/lib/system/libdispatch.dylib
0x0000000002458000 	/usr/lib/system/libdyld.dylib
0x0000000002458000 	/usr/lib/system/libkeymgr.dylib
0x0000000002458000 	/usr/lib/system/liblaunch.dylib
0x0000000002458000 	/usr/lib/system/libmacho.dylib
0x0000000002458000 	/usr/lib/system/libquarantine.dylib
0x0000000002458000 	/usr/lib/system/libremovefile.dylib
0x0000000002458000 	/usr/lib/system/libsystem_asl.dylib
0x0000000002458000 	/usr/lib/system/libsystem_blocks.dylib
0x0000000002458000 	/usr/lib/system/libsystem_c.dylib
0x0000000002458000 	/usr/lib/system/libsystem_configuration.dylib
0x0000000002458000 	/usr/lib/system/libsystem_coreservices.dylib
0x0000000002458000 	/usr/lib/system/libsystem_coretls.dylib
0x0000000002458000 	/usr/lib/system/libsystem_dnssd.dylib
0x0000000002458000 	/usr/lib/system/libsystem_info.dylib
0x0000000002458000 	/usr/lib/system/libsystem_kernel.dylib
0x0000000002458000 	/usr/lib/system/libsystem_m.dylib
0x0000000002458000 	/usr/lib/system/libsystem_malloc.dylib
0x0000000002458000 	/usr/lib/system/libsystem_network.dylib
0x0000000002458000 	/usr/lib/system/libsystem_networkextension.dylib
0x0000000002458000 	/usr/lib/system/libsystem_notify.dylib
0x0000000002458000 	/usr/lib/system/libsystem_platform.dylib
0x0000000002458000 	/usr/lib/system/libsystem_pthread.dylib
0x0000000002458000 	/usr/lib/system/libsystem_sandbox.dylib
0x0000000002458000 	/usr/lib/system/libsystem_secinit.dylib
0x0000000002458000 	/usr/lib/system/libsystem_trace.dylib
0x0000000002458000 	/usr/lib/system/libunc.dylib
0x0000000002458000 	/usr/lib/system/libunwind.dylib
0x0000000002458000 	/usr/lib/system/libxpc.dylib
0x0000000002458000 	/usr/lib/libenergytrace.dylib
0x0000000002458000 	/usr/lib/libbsm.0.dylib
0x0000000002458000 	/usr/lib/system/libkxld.dylib
0x0000000002458000 	/usr/lib/libxar.1.dylib
0x0000000002458000 	/usr/lib/libsqlite3.dylib
0x0000000002458000 	/usr/lib/libpam.2.dylib
0x0000000002458000 	/usr/lib/libOpenScriptingUtil.dylib
0x0000000002458000 	/usr/lib/libbz2.1.0.dylib
0x0000000002458000 	/usr/lib/liblzma.5.dylib
0x0000000002458000 	/System/Library/Frameworks/CoreServices.framework/Versions/A/Frameworks/FSEvents.framework/Versions/A/FSEvents
0x0000000002458000 	/System/Library/Frameworks/CoreServices.framework/Versions/A/Frameworks/CarbonCore.framework/Versions/A/CarbonCore
0x0000000002458000 	/System/Library/Frameworks/CoreServices.framework/Versions/A/Frameworks/Metadata.framework/Versions/A/Metadata
0x0000000002458000 	/System/Library/Frameworks/CoreServices.framework/Versions/A/Frameworks/OSServices.framework/Versions/A/OSServices
0x0000000002458000 	/System/Library/Frameworks/CoreServices.framework/Versions/A/Frameworks/SearchKit.framework/Versions/A/SearchKit
0x0000000002458000 	/System/Library/Frameworks/CoreServices.framework/Versions/A/Frameworks/AE.framework/Versions/A/AE
0x0000000002458000 	/System/Library/Frameworks/CoreServices.framework/Versions/A/Frameworks/LaunchServices.framework/Versions/A/LaunchServices
0x0000000002458000 	/System/Library/Frameworks/CoreServices.framework/Versions/A/Frameworks/DictionaryServices.framework/Versions/A/DictionaryServices
0x0000000002458000 	/System/Library/Frameworks/CoreServices.framework/Versions/A/Frameworks/SharedFileList.framework/Versions/A/SharedFileList
0x0000000002458000 	/System/Library/Frameworks/NetFS.framework/Versions/A/NetFS
0x0000000002458000 	/System/Library/PrivateFrameworks/NetAuth.framework/Versions/A/NetAuth
0x0000000002458000 	/System/Library/PrivateFrameworks/login.framework/Versions/A/Frameworks/loginsupport.framework/Versions/A/loginsupport
0x0000000002458000 	/System/Library/PrivateFrameworks/TCC.framework/Versions/A/TCC
0x0000000002458000 	/usr/lib/libmecabra.dylib
0x0000000002458000 	/System/Library/Frameworks/ApplicationServices.framework/Versions/A/Frameworks/ATS.framework/Versions/A/ATS
0x0000000002458000 	/System/Library/Frameworks/ApplicationServices.framework/Versions/A/Frameworks/ColorSync.framework/Versions/A/ColorSync
0x0000000002458000 	/System/Library/Frameworks/ApplicationServices.framework/Versions/A/Frameworks/HIServices.framework/Versions/A/HIServices
0x0000000002458000 	/System/Library/Frameworks/ApplicationServices.framework/Versions/A/Frameworks/LangAnalysis.framework/Versions/A/LangAnalysis
0x0000000002458000 	/System/Library/Frameworks/ApplicationServices.framework/Versions/A/Frameworks/PrintCore.framework/Versions/A/PrintCore
0x0000000002458000 	/System/Library/Frameworks/ApplicationServices.framework/Versions/A/Frameworks/QD.framework/Versions/A/QD
0x0000000002458000 	/System/Library/Frameworks/ApplicationServices.framework/Versions/A/Frameworks/SpeechSynthesis.framework/Versions/A/SpeechSynthesis
0x0000000002458000 	/System/Library/Frameworks/Metal.framework/Versions/A/Metal
0x0000000002458000 	/System/Library/Frameworks/Accelerate.framework/Versions/A/Frameworks/vImage.framework/Versions/A/vImage
0x0000000002458000 	/System/Library/Frameworks/Accelerate.framework/Versions/A/Frameworks/vecLib.framework/Versions/A/vecLib
0x0000000002458000 	/System/Library/Frameworks/Accelerate.framework/Versions/A/Frameworks/vecLib.framework/Versions/A/libvDSP.dylib
0x0000000002458000 	/System/Library/Frameworks/Accelerate.framework/Versions/A/Frameworks/vecLib.framework/Versions/A/libvMisc.dylib
0x0000000002458000 	/System/Library/Frameworks/Accelerate.framework/Versions/A/Frameworks/vecLib.framework/Versions/A/libLAPACK.dylib
0x0000000002458000 	/System/Library/Frameworks/Accelerate.framework/Versions/A/Frameworks/vecLib.framework/Versions/A/libBLAS.dylib
0x0000000002458000 	/System/Library/Frameworks/Accelerate.framework/Versions/A/Frameworks/vecLib.framework/Versions/A/libLinearAlgebra.dylib
0x0000000002458000 	/System/Library/Frameworks/Accelerate.framework/Versions/A/Frameworks/vecLib.framework/Versions/A/libSparseBLAS.dylib
0x0000000002458000 	/System/Library/PrivateFrameworks/GPUCompiler.framework/libmetal_timestamp.dylib
0x0000000002458000 	/System/Library/Frameworks/OpenGL.framework/Versions/A/Libraries/libCoreFSCache.dylib
0x0000000002458000 	/System/Library/PrivateFrameworks/IOAccelerator.framework/Versions/A/IOAccelerator
0x0000000002458000 	/System/Library/Frameworks/ApplicationServices.framework/Versions/A/Frameworks/ATS.framework/Versions/A/Resources/libFontParser.dylib
0x0000000002458000 	/System/Library/Frameworks/ApplicationServices.framework/Versions/A/Frameworks/ATS.framework/Versions/A/Resources/libFontRegistry.dylib
0x0000000002458000 	/System/Library/PrivateFrameworks/AppleVPA.framework/Versions/A/AppleVPA
0x0000000002458000 	/System/Library/PrivateFrameworks/AppleJPEG.framework/Versions/A/AppleJPEG
0x0000000002458000 	/System/Library/Frameworks/ImageIO.framework/Versions/A/Resources/libJPEG.dylib
0x0000000002458000 	/System/Library/Frameworks/ImageIO.framework/Versions/A/Resources/libTIFF.dylib
0x0000000002458000 	/System/Library/Frameworks/ImageIO.framework/Versions/A/Resources/libPng.dylib
0x0000000002458000 	/System/Library/Frameworks/ImageIO.framework/Versions/A/Resources/libGIF.dylib
0x0000000002458000 	/System/Library/Frameworks/ImageIO.framework/Versions/A/Resources/libJP2.dylib
0x0000000002458000 	/System/Library/Frameworks/ImageIO.framework/Versions/A/Resources/libRadiance.dylib
0x0000000002458000 	/System/Library/Frameworks/CoreVideo.framework/Versions/A/CoreVideo
0x0000000002458000 	/System/Library/Frameworks/OpenGL.framework/Versions/A/Libraries/libGLU.dylib
0x0000000002458000 	/System/Library/Frameworks/OpenGL.framework/Versions/A/Libraries/libGFXShared.dylib
0x0000000002458000 	/System/Library/Frameworks/OpenGL.framework/Versions/A/Libraries/libGL.dylib
0x0000000002458000 	/System/Library/Frameworks/OpenGL.framework/Versions/A/Libraries/libGLImage.dylib
0x0000000002458000 	/System/Library/Frameworks/OpenGL.framework/Versions/A/Libraries/libCVMSPluginSupport.dylib
0x0000000002458000 	/System/Library/Frameworks/OpenGL.framework/Versions/A/Libraries/libCoreVMClient.dylib
0x0000000002458000 	/usr/lib/libcups.2.dylib
0x0000000002458000 	/System/Library/Frameworks/Kerberos.framework/Versions/A/Kerberos
0x0000000002458000 	/System/Library/Frameworks/GSS.framework/Versions/A/GSS
0x0000000002458000 	/usr/lib/libresolv.9.dylib
0x0000000002458000 	/usr/lib/libiconv.2.dylib
0x0000000002458000 	/System/Library/PrivateFrameworks/Heimdal.framework/Versions/A/Heimdal
0x0000000002458000 	/usr/lib/libheimdal-asn1.dylib
0x0000000002458000 	/System/Library/Frameworks/OpenDirectory.framework/Versions/A/OpenDirectory
0x0000000002458000 	/System/Library/PrivateFrameworks/CommonAuth.framework/Versions/A/CommonAuth
0x0000000002458000 	/System/Library/Frameworks/OpenDirectory.framework/Versions/A/Frameworks/CFOpenDirectory.framework/Versions/A/CFOpenDirectory
0x0000000002458000 	/System/Library/Frameworks/SecurityFoundation.framework/Versions/A/SecurityFoundation
0x0000000002458000 	/System/Library/PrivateFrameworks/LanguageModeling.framework/Versions/A/LanguageModeling
0x0000000002458000 	/usr/lib/libmarisa.dylib
0x0000000002458000 	/usr/lib/libChineseTokenizer.dylib
0x0000000002458000 	/usr/lib/libcmph.dylib
0x0000000002458000 	/usr/lib/libcompression.dylib
0x0000000002458000 	/System/Library/Frameworks/ServiceManagement.framework/Versions/A/ServiceManagement
0x0000000002458000 	/usr/lib/libxslt.1.dylib
0x0000000002458000 	/System/Library/Frameworks/Carbon.framework/Versions/A/Frameworks/Ink.framework/Versions/A/Ink
0x0000000002458000 	/usr/lib/libFosl_dynamic.dylib
0x0000000002458000 	/System/Library/PrivateFrameworks/FaceCore.framework/Versions/A/FaceCore
0x0000000002458000 	/System/Library/Frameworks/OpenCL.framework/Versions/A/OpenCL
0x0000000002458000 	/System/Library/PrivateFrameworks/CrashReporterSupport.framework/Versions/A/CrashReporterSupport
0x0000000002458000 	/System/Library/PrivateFrameworks/IconServices.framework/Versions/A/IconServices
0x0000000002458000 	/System/Library/PrivateFrameworks/Apple80211.framework/Versions/A/Apple80211
0x0000000002458000 	/System/Library/Frameworks/CoreWLAN.framework/Versions/A/CoreWLAN
0x0000000002458000 	/System/Library/Frameworks/IOBluetooth.framework/Versions/A/IOBluetooth
0x0000000002458000 	/System/Library/PrivateFrameworks/CoreWiFi.framework/Versions/A/CoreWiFi
0x0000000002458000 	/System/Library/Frameworks/CoreBluetooth.framework/Versions/A/CoreBluetooth
0x0000000002458000 	/System/Library/PrivateFrameworks/ChunkingLibrary.framework/Versions/A/ChunkingLibrary
0x0000000002458000 	/System/Library/PrivateFrameworks/DebugSymbols.framework/Versions/A/DebugSymbols
0x0000000002458000 	/System/Library/PrivateFrameworks/CoreSymbolication.framework/Versions/A/CoreSymbolication
0x0000000002458000 	/System/Library/PrivateFrameworks/Symbolication.framework/Versions/A/Symbolication
0x0000000002458000 	/System/Library/PrivateFrameworks/SpeechRecognitionCore.framework/Versions/A/SpeechRecognitionCore
0x0000000107780000 	/Library/Java/JavaVirtualMachines/jdk1.7.0_79.jdk/Contents/Home/jre/lib/server/libjvm.dylib
0x0000000002458000 	/usr/lib/libstdc++.6.dylib
0x00000001081e7000 	/Library/Java/JavaVirtualMachines/jdk1.7.0_79.jdk/Contents/Home/jre/lib/libverify.dylib
0x0000000108a00000 	/Library/Java/JavaVirtualMachines/jdk1.7.0_79.jdk/Contents/Home/jre/lib/libjava.dylib
0x0000000108a30000 	/Library/Java/JavaVirtualMachines/jdk1.7.0_79.jdk/Contents/Home/jre/lib/libzip.dylib
0x000000010f62b000 	/System/Library/Frameworks/JavaVM.framework/Frameworks/JavaRuntimeSupport.framework/JavaRuntimeSupport
0x000000010f646000 	/System/Library/Frameworks/JavaVM.framework/Versions/A/Frameworks/JavaNativeFoundation.framework/Versions/A/JavaNativeFoundation
0x000000010f65b000 	/System/Library/Frameworks/JavaVM.framework/Versions/A/JavaVM
0x0000000002458000 	/System/Library/Frameworks/Carbon.framework/Versions/A/Carbon
0x000000010f668000 	/System/Library/PrivateFrameworks/JavaLaunching.framework/Versions/A/JavaLaunching
0x0000000002458000 	/System/Library/Frameworks/Carbon.framework/Versions/A/Frameworks/CommonPanels.framework/Versions/A/CommonPanels
0x0000000002458000 	/System/Library/Frameworks/Carbon.framework/Versions/A/Frameworks/Help.framework/Versions/A/Help
0x0000000002458000 	/System/Library/Frameworks/Carbon.framework/Versions/A/Frameworks/ImageCapture.framework/Versions/A/ImageCapture
0x0000000002458000 	/System/Library/Frameworks/Carbon.framework/Versions/A/Frameworks/OpenScripting.framework/Versions/A/OpenScripting
0x0000000002458000 	/System/Library/Frameworks/Carbon.framework/Versions/A/Frameworks/Print.framework/Versions/A/Print
0x0000000002458000 	/System/Library/Frameworks/Carbon.framework/Versions/A/Frameworks/SecurityHI.framework/Versions/A/SecurityHI

VM Arguments:
jvm_args: -Xmx1024M -Dfile.encoding=UTF-8 -Duser.country=US -Duser.language=en -Duser.variant 
java_command: com.android.dx.command.Main --dex --output /Users/brianvalente/wamod/2.12.391/AndroidStudioProject/app/build/intermediates/dex/debug /Users/brianvalente/wamod/2.12.391/AndroidStudioProject/app/build/intermediates/classes/debug /Users/brianvalente/wamod/2.12.391/AndroidStudioProject/app/build/intermediates/pre-dexed/debug/support-annotations-22.2.0-a8f31a57aa972b01175524f6d4eb7cc26c2afa34.jar /Users/brianvalente/wamod/2.12.391/AndroidStudioProject/app/build/intermediates/pre-dexed/debug/classes-86b872a6ec17101dd733ece240d2ad6e62dbcac6.jar /Users/brianvalente/wamod/2.12.391/AndroidStudioProject/app/build/intermediates/pre-dexed/debug/internal_impl-22.2.0-c986602f2d9bb76f1e2aa8db87c7ba27ce9e5a1e.jar /Users/brianvalente/wamod/2.12.391/AndroidStudioProject/app/build/intermediates/pre-dexed/debug/classes-65bce7f07a3d55f50fd19d5aaefc59a883511762.jar /Users/brianvalente/wamod/2.12.391/AndroidStudioProject/app/build/intermediates/pre-dexed/debug/classes-634994074604cb11eeb109743955055782a3e4e7.jar
Launcher Type: SUN_STANDARD

Environment Variables:
PATH=~/Library/Android/sdk/platform-tools:~/Library/Android/sdk/tools:~/Documents/apktool:/usr/local/bin:/usr/bin:/bin:/usr/sbin:/sbin
SHELL=/bin/bash

Signal Handlers:
SIGSEGV: [libjvm.dylib+0x52daf1], sa_mask[0]=0xfffefeff, sa_flags=0x00000043
SIGBUS: [libjvm.dylib+0x52daf1], sa_mask[0]=0xfffefeff, sa_flags=0x00000042
SIGFPE: [libjvm.dylib+0x41f34e], sa_mask[0]=0xfffefeff, sa_flags=0x00000042
SIGPIPE: [libjvm.dylib+0x41f34e], sa_mask[0]=0xfffefeff, sa_flags=0x00000042
SIGXFSZ: [libjvm.dylib+0x41f34e], sa_mask[0]=0xfffefeff, sa_flags=0x00000042
SIGILL: [libjvm.dylib+0x41f34e], sa_mask[0]=0xfffefeff, sa_flags=0x00000042
SIGUSR1: SIG_DFL, sa_mask[0]=0x00000000, sa_flags=0x00000000
SIGUSR2: [libjvm.dylib+0x41ee40], sa_mask[0]=0x00000004, sa_flags=0x00000042
SIGHUP: [libjvm.dylib+0x41d0d1], sa_mask[0]=0xfffefeff, sa_flags=0x00000042
SIGINT: [libjvm.dylib+0x41d0d1], sa_mask[0]=0xfffefeff, sa_flags=0x00000042
SIGTERM: [libjvm.dylib+0x41d0d1], sa_mask[0]=0xfffefeff, sa_flags=0x00000042
SIGQUIT: [libjvm.dylib+0x41d0d1], sa_mask[0]=0xfffefeff, sa_flags=0x00000042


---------------  S Y S T E M  ---------------

OS:Bsduname:Darwin 15.2.0 Darwin Kernel Version 15.2.0: Fri Nov 13 19:56:56 PST 2015; root:xnu-3248.20.55~2/RELEASE_X86_64 x86_64
rlimit: STACK 8192k, CORE 0k, NPROC 709, NOFILE 10240, AS infinity
load average:2.34 1.63 1.51

CPU:total 4 (4 cores per cpu, 1 threads per core) family 6 model 58 stepping 9, cmov, cx8, fxsr, mmx, sse, sse2, sse3, ssse3, sse4.1, sse4.2, popcnt, avx, aes, erms, tsc, tscinvbit, tscinv

Memory: 4k page, physical 12582912k(3145728k free)

/proc/meminfo:


vm_info: Java HotSpot(TM) 64-Bit Server VM (24.79-b02) for bsd-amd64 JRE (1.7.0_79-b15), built on Apr 10 2015 11:35:04 by "java_re" with gcc 4.2.1 (Based on Apple Inc. build 5658) (LLVM build 2336.11.00)

time: Tue Dec 22 17:31:49 2015
elapsed time: 1 seconds

